<?xml version="1.0" encoding="UTF-8"?>
<!-- Generated by org.testng.reporters.JUnitXMLReporter -->
<testsuite hostname="dkouls-workstation" name="Default test(failed)(failed)(failed)" tests="1" failures="1" timestamp="9 Jul 2019 06:26:16 GMT" time="2.765" errors="0">
  <testcase name="htmlSelectDemo" time="2.644" classname="tests.Monitor">
    <failure type="java.lang.UnsupportedOperationException" message="You may only deselect options of a multi-select">
      <![CDATA[java.lang.UnsupportedOperationException: You may only deselect options of a multi-select
	at org.openqa.selenium.support.ui.Select.deselectByVisibleText(Select.java:293)
	at tests.Monitor.htmlSelectDemo(Monitor.java:102)
... Removed 24 stack frames]]>
    </failure>
  </testcase> <!-- htmlSelectDemo -->
</testsuite> <!-- Default test(failed)(failed)(failed) -->
