<?xml version="1.0" encoding="UTF-8"?>
<testng-results skipped="0" failed="0" total="1" passed="1">
  <reporter-output>
  </reporter-output>
  <suite name="Default suite" duration-ms="20823" started-at="2019-07-10T07:06:10Z" finished-at="2019-07-10T07:06:31Z">
    <groups>
    </groups>
    <test name="Default test" duration-ms="20823" started-at="2019-07-10T07:06:10Z" finished-at="2019-07-10T07:06:31Z">
      <class name="tests.DemoTest">
        <test-method status="PASS" signature="chosenDemoWithLocalEnv()[pri:0, instance:tests.DemoTest@58651fd0]" name="chosenDemoWithLocalEnv" duration-ms="20715" started-at="2019-07-10T12:36:10Z" finished-at="2019-07-10T12:36:31Z">
          <reporter-output>
          </reporter-output>
        </test-method> <!-- chosenDemoWithLocalEnv -->
        <test-method status="PASS" signature="teardown()[pri:0, instance:tests.DemoTest@58651fd0]" name="teardown" is-config="true" duration-ms="85" started-at="2019-07-10T12:36:31Z" finished-at="2019-07-10T12:36:31Z">
          <reporter-output>
          </reporter-output>
        </test-method> <!-- teardown -->
      </class> <!-- tests.DemoTest -->
    </test> <!-- Default test -->
  </suite> <!-- Default suite -->
</testng-results>
